mkdir /home/trm/ultracam/pipeline
mkdir: cannot create directory `/home/trm/ultracam/pipeline': File exists
make: [dir] Error 1 (ignored)
mkdir /home/trm/ultracam/pipeline/obj
mkdir: cannot create directory `/home/trm/ultracam/pipeline/obj': File exists
make: [dir] Error 1 (ignored)
mkdir /home/trm/ultracam/pipeline/html
mkdir: cannot create directory `/home/trm/ultracam/pipeline/html': File exists
make: [dir] Error 1 (ignored)
mkdir /home/trm/ultracam/pipeline/scripts
mkdir: cannot create directory `/home/trm/ultracam/pipeline/scripts': File exists
make: [dir] Error 1 (ignored)
ln -sf /home/trm/ultracam/pipeline/carith /home/trm/ultracam/pipeline/cadd
ln -sf /home/trm/ultracam/pipeline/carith /home/trm/ultracam/pipeline/cdiv
ln -sf /home/trm/ultracam/pipeline/carith /home/trm/ultracam/pipeline/cmul
ln -sf /home/trm/ultracam/pipeline/carith /home/trm/ultracam/pipeline/cset
ln -sf /home/trm/ultracam/pipeline/carith /home/trm/ultracam/pipeline/csub
ln -sf /home/trm/ultracam/pipeline/arith /home/trm/ultracam/pipeline/add
ln -sf /home/trm/ultracam/pipeline/arith /home/trm/ultracam/pipeline/div
ln -sf /home/trm/ultracam/pipeline/arith /home/trm/ultracam/pipeline/mul
ln -sf /home/trm/ultracam/pipeline/arith /home/trm/ultracam/pipeline/uset
ln -sf /home/trm/ultracam/pipeline/arith /home/trm/ultracam/pipeline/sub
perl docgen.pl /home/trm/ultracam/pipeline/html
\cp -f `pwd`/html/Changes.html /home/trm/ultracam/pipeline/html/Changes.html
\cp -f `pwd`/html/Guide.html   /home/trm/ultracam/pipeline/html/Guide.html
\cp -f `pwd`/html/ultracam.css /home/trm/ultracam/pipeline/html/ultracam.css
\cp -f `pwd`/html/reduce       /home/trm/ultracam/pipeline/html/reduce
chmod 755 /home/trm/ultracam/pipeline/html
chmod 644 /home/trm/ultracam/pipeline/html/*
touch src/crop.cc
g++ -O -W -Wall -Iinclude -I../subs/source -I/usr/local/pgplot -I/usr/local/curl-7.9.6/include -I/usr/local/gsl-1.1.1/include -I/usr/local/xerces-c1_7_0-linux7.2/include -pg -g -c src/crop.cc -o /home/trm/ultracam/pipeline/obj/crop.o
In file included from ../subs/source/subs.h:56,
                 from ../subs/source/Hitem.h:172,
                 from ../subs/source/Header.h:66,
                 from include/Frame.h:75,
                 from src/crop.cc:42:
/usr/include/g++-3/sstream: In method `int stringbuf::sync ()':
/usr/include/g++-3/sstream:171: warning: comparison between signed and unsigned integer expressions
g++ -pg -g -o /home/trm/ultracam/pipeline/crop /home/trm/ultracam/pipeline/obj/crop.o /home/trm/ultracam/pipeline/obj/Windata.o /home/trm/ultracam/pipeline/obj/Window.o /home/trm/ultracam/pipeline/obj/Frame.o /home/trm/ultracam/pipeline/obj/string_funcs.o /home/trm/ultracam/pipeline/obj/CCD.o /home/trm/ultracam/pipeline/obj/MCCD.o /home/trm/ultracam/pipeline/obj/Header.o /home/trm/ultracam/pipeline/obj/Hitem.o /home/trm/ultracam/pipeline/obj/Date.o /home/trm/ultracam/pipeline/obj/Time.o /home/trm/ultracam/pipeline/obj/Position.o -L/usr/local/pgplot -lcpgplot -lpgplot -L/usr/X11R6/lib -lX11 -lg2c `/usr/local/curl-7.9.6/bin/curl-config --libs` -L/usr/local/xerces-c1_7_0-linux7.2/lib -lxerces-c1_7_0 -L/usr/local/gsl-1.1.1/lib -lgsl -lgslcblas
g++ -O -W -Wall -Iinclude -I../subs/source -I/usr/local/pgplot -I/usr/local/curl-7.9.6/include -I/usr/local/gsl-1.1.1/include -I/usr/local/xerces-c1_7_0-linux7.2/include -pg -g -c src/reduce.cc -o /home/trm/ultracam/pipeline/obj/reduce.o
In file included from ../subs/source/subs.h:56,
                 from src/reduce.cc:274:
/usr/include/g++-3/sstream: In method `int stringbuf::sync ()':
/usr/include/g++-3/sstream:171: warning: comparison between signed and unsigned integer expressions
src/reduce.cc: In function `int main (int, char **)':
src/reduce.cc:569: warning: unused variable `float expose'
src/reduce.cc:498: warning: `float dark_scale' might be used 
uninitialized in this function
src/reduce.cc:581: warning: `CURL *curl_handle' might be used 
uninitialized in this function
src/reduce.cc:582: warning: `size_t headerskip' might be used 
uninitialized in this function
src/reduce.cc:1240: warning: `float variance_of_sky_mean' might be used 
uninitialized in this function
src/reduce.cc:1586: warning: `float yl' might be used uninitialized in 
this function
src/reduce.cc:1586: warning: `float yh' might be used uninitialized in 
this function
src/reduce.cc:1630: warning: `float yl' might be used uninitialized in 
this function
src/reduce.cc:1630: warning: `float yh' might be used uninitialized in 
this function
g++ -O -W -Wall -Iinclude -I../subs/source -I/usr/local/pgplot -I/usr/local/curl-7.9.6/include -I/usr/local/gsl-1.1.1/include -I/usr/local/xerces-c1_7_0-linux7.2/include -pg -g -c src/read_reduce_file.cc -o /home/trm/ultracam/pipeline/obj/read_reduce_file.o
In file included from ../subs/source/subs.h:56,
                 from src/read_reduce_file.cc:31:
/usr/include/g++-3/sstream: In method `int stringbuf::sync ()':
/usr/include/g++-3/sstream:171: warning: comparison between signed and unsigned integer expressions
g++ -O -W -Wall -Iinclude -I../subs/source -I/usr/local/pgplot -I/usr/local/curl-7.9.6/include -I/usr/local/gsl-1.1.1/include -I/usr/local/xerces-c1_7_0-linux7.2/include -pg -g -c src/zapcosmic.cc -o /home/trm/ultracam/pipeline/obj/zapcosmic.o
In file included from ../subs/source/subs.h:56,
                 from src/zapcosmic.cc:47:
/usr/include/g++-3/sstream: In method `int stringbuf::sync ()':
/usr/include/g++-3/sstream:171: warning: comparison between signed and unsigned integer expressions
g++ -pg -g -o /home/trm/ultracam/pipeline/reduce /home/trm/ultracam/pipeline/obj/reduce.o /home/trm/ultracam/pipeline/obj/Window.o /home/trm/ultracam/pipeline/obj/Windata.o /home/trm/ultracam/pipeline/obj/Frame.o /home/trm/ultracam/pipeline/obj/read_reduce_file.o /home/trm/ultracam/pipeline/obj/CCD.o /home/trm/ultracam/pipeline/obj/MCCD.o /home/trm/ultracam/pipeline/obj/string_funcs.o /home/trm/ultracam/pipeline/obj/Aperture.o /home/trm/ultracam/pipeline/obj/findpos.o /home/trm/ultracam/pipeline/obj/centroid.o /home/trm/ultracam/pipeline/obj/Header.o /home/trm/ultracam/pipeline/obj/Hitem.o /home/trm/ultracam/pipeline/obj/Date.o /home/trm/ultracam/pipeline/obj/Time.o /home/trm/ultracam/pipeline/obj/Position.o /home/trm/ultracam/pipeline/obj/parseXML.o /home/trm/ultracam/pipeline/obj/zapcosmic.o /home/trm/ultracam/pipeline/obj/ultracam.o -L/usr/local/pgplot -lcpgplot -lpgplot -L/usr/X11R6/lib -lX11 -lg2c `/usr/local/curl-7.9.6/bin/curl-config --libs` -L/usr/local/xerces-c1_7_0-linux7.2/lib -lxerces-c1_7_0 -L/usr/local/gsl-1.1.1/lib -lgsl -lgslcblas
touch src/pixel.cc
g++ -O -W -Wall -Iinclude -I../subs/source -I/usr/local/pgplot -I/usr/local/curl-7.9.6/include -I/usr/local/gsl-1.1.1/include -I/usr/local/xerces-c1_7_0-linux7.2/include -pg -g -c src/pixel.cc -o /home/trm/ultracam/pipeline/obj/pixel.o
In file included from src/pixel.cc:36:
/usr/include/g++-3/sstream: In method `int stringbuf::sync ()':
/usr/include/g++-3/sstream:171: warning: comparison between signed and unsigned integer expressions
g++ -pg -g -o /home/trm/ultracam/pipeline/pixel /home/trm/ultracam/pipeline/obj/pixel.o /home/trm/ultracam/pipeline/obj/Frame.o /home/trm/ultracam/pipeline/obj/MCCD.o /home/trm/ultracam/pipeline/obj/CCD.o /home/trm/ultracam/pipeline/obj/Windata.o /home/trm/ultracam/pipeline/obj/Window.o /home/trm/ultracam/pipeline/obj/string_funcs.o /home/trm/ultracam/pipeline/obj/Header.o /home/trm/ultracam/pipeline/obj/Hitem.o /home/trm/ultracam/pipeline/obj/Date.o /home/trm/ultracam/pipeline/obj/Time.o /home/trm/ultracam/pipeline/obj/Position.o -L/usr/local/pgplot -lcpgplot -lpgplot -L/usr/X11R6/lib -lX11 -lg2c `/usr/local/curl-7.9.6/bin/curl-config --libs` -L/usr/local/xerces-c1_7_0-linux7.2/lib -lxerces-c1_7_0 -L/usr/local/gsl-1.1.1/lib -lgsl -lgslcblas
perl -ane 's%(^.*ULTRACAM\s*=\s*)(\S*)%\1/home/trm/ultracam/pipeline%; print;' scripts/addaframe > /home/trm/ultracam/pipeline/scripts/addaframe
perl -ane 's%(^.*ULTRACAM\s*=\s*)(\S*)%\1/home/trm/ultracam/pipeline%; print;' scripts/mulaframe > /home/trm/ultracam/pipeline/scripts/mulaframe
perl -ane 's%(^.*ULTRACAM\s*=\s*)(\S*)%\1/home/trm/ultracam/pipeline%; print;' scripts/subaframe > /home/trm/ultracam/pipeline/scripts/subaframe
cp -f scripts/colstat  /home/trm/ultracam/pipeline/scripts/colstat
cp -f scripts/validwin /home/trm/ultracam/pipeline/scripts/validwin
cp -f scripts/uls      /home/trm/ultracam/pipeline/scripts/uls
cp -f scripts/ucat     /home/trm/ultracam/pipeline/scripts/ucat
chmod 755 /home/trm/ultracam/pipeline/scripts
chmod +xr /home/trm/ultracam/pipeline/scripts/*
g++ -O -W -Wall -Iinclude -I../subs/source -I/usr/local/pgplot -I/usr/local/curl-7.9.6/include -I/usr/local/gsl-1.1.1/include -I/usr/local/xerces-c1_7_0-linux7.2/include -pg -g -c src/stats.cc -o /home/trm/ultracam/pipeline/obj/stats.o
In file included from src/stats.cc:41:
/usr/include/g++-3/sstream: In method `int stringbuf::sync ()':
/usr/include/g++-3/sstream:171: warning: comparison between signed and unsigned integer expressions
g++ -pg -g -o /home/trm/ultracam/pipeline/stats /home/trm/ultracam/pipeline/obj/stats.o /home/trm/ultracam/pipeline/obj/Windata.o /home/trm/ultracam/pipeline/obj/Window.o /home/trm/ultracam/pipeline/obj/Frame.o /home/trm/ultracam/pipeline/obj/MCCD.o /home/trm/ultracam/pipeline/obj/CCD.o /home/trm/ultracam/pipeline/obj/string_funcs.o /home/trm/ultracam/pipeline/obj/Header.o /home/trm/ultracam/pipeline/obj/Hitem.o /home/trm/ultracam/pipeline/obj/Date.o /home/trm/ultracam/pipeline/obj/Time.o /home/trm/ultracam/pipeline/obj/Position.o /home/trm/ultracam/pipeline/obj/trans_char.o -L/usr/local/pgplot -lcpgplot -lpgplot -L/usr/X11R6/lib -lX11 -lg2c `/usr/local/curl-7.9.6/bin/curl-config --libs` -L/usr/local/xerces-c1_7_0-linux7.2/lib -lxerces-c1_7_0 -L/usr/local/gsl-1.1.1/lib -lgsl -lgslcblas
g++ -O -W -Wall -Iinclude -I../subs/source -I/usr/local/pgplot -I/usr/local/curl-7.9.6/include -I/usr/local/gsl-1.1.1/include -I/usr/local/xerces-c1_7_0-linux7.2/include -pg -g -c src/hist.cc -o /home/trm/ultracam/pipeline/obj/hist.o
In file included from src/hist.cc:42:
/usr/include/g++-3/sstream: In method `int stringbuf::sync ()':
/usr/include/g++-3/sstream:171: warning: comparison between signed and unsigned integer expressions
g++ -pg -g -o /home/trm/ultracam/pipeline/hist /home/trm/ultracam/pipeline/obj/hist.o /home/trm/ultracam/pipeline/obj/Windata.o /home/trm/ultracam/pipeline/obj/Window.o /home/trm/ultracam/pipeline/obj/Frame.o /home/trm/ultracam/pipeline/obj/MCCD.o /home/trm/ultracam/pipeline/obj/CCD.o /home/trm/ultracam/pipeline/obj/string_funcs.o /home/trm/ultracam/pipeline/obj/Header.o /home/trm/ultracam/pipeline/obj/Hitem.o /home/trm/ultracam/pipeline/obj/Date.o /home/trm/ultracam/pipeline/obj/Time.o /home/trm/ultracam/pipeline/obj/Position.o /home/trm/ultracam/pipeline/obj/trans_char.o -L/usr/local/pgplot -lcpgplot -lpgplot -L/usr/X11R6/lib -lX11 -lg2c `/usr/local/curl-7.9.6/bin/curl-config --libs` -L/usr/local/xerces-c1_7_0-linux7.2/lib -lxerces-c1_7_0 -L/usr/local/gsl-1.1.1/lib -lgsl -lgslcblas
g++ -O -W -Wall -Iinclude -I../subs/source -I/usr/local/pgplot -I/usr/local/curl-7.9.6/include -I/usr/local/gsl-1.1.1/include -I/usr/local/xerces-c1_7_0-linux7.2/include -pg -g -c src/rtplot.cc -o /home/trm/ultracam/pipeline/obj/rtplot.o
In file included from ../subs/source/subs.h:56,
                 from ../subs/source/Plot.h:28,
                 from src/rtplot.cc:60:
/usr/include/g++-3/sstream: In method `int stringbuf::sync ()':
/usr/include/g++-3/sstream:171: warning: comparison between signed and unsigned integer expressions
g++ -pg -g -o /home/trm/ultracam/pipeline/rtplot /home/trm/ultracam/pipeline/obj/rtplot.o /home/trm/ultracam/pipeline/obj/Frame.o /home/trm/ultracam/pipeline/obj/CCD.o /home/trm/ultracam/pipeline/obj/MCCD.o /home/trm/ultracam/pipeline/obj/Window.o /home/trm/ultracam/pipeline/obj/Windata.o /home/trm/ultracam/pipeline/obj/string_funcs.o /home/trm/ultracam/pipeline/obj/Header.o /home/trm/ultracam/pipeline/obj/Hitem.o /home/trm/ultracam/pipeline/obj/Date.o /home/trm/ultracam/pipeline/obj/Time.o /home/trm/ultracam/pipeline/obj/Position.o /home/trm/ultracam/pipeline/obj/trans_char.o /home/trm/ultracam/pipeline/obj/parseXML.o /home/trm/ultracam/pipeline/obj/ultracam.o /home/trm/ultracam/pipeline/obj/Aperture.o -L/usr/local/pgplot -lcpgplot -lpgplot -L/usr/X11R6/lib -lX11 -lg2c `/usr/local/curl-7.9.6/bin/curl-config --libs` -L/usr/local/xerces-c1_7_0-linux7.2/lib -lxerces-c1_7_0 -L/usr/local/gsl-1.1.1/lib -lgsl -lgslcblas
g++ -O -W -Wall -Iinclude -I../subs/source -I/usr/local/pgplot -I/usr/local/curl-7.9.6/include -I/usr/local/gsl-1.1.1/include -I/usr/local/xerces-c1_7_0-linux7.2/include -pg -g -c src/hedlis.cc -o /home/trm/ultracam/pipeline/obj/hedlis.o
In file included from ../subs/source/subs.h:56,
                 from src/hedlis.cc:35:
/usr/include/g++-3/sstream: In method `int stringbuf::sync ()':
/usr/include/g++-3/sstream:171: warning: comparison between signed and unsigned integer expressions
g++ -pg -g -o /home/trm/ultracam/pipeline/hedlis /home/trm/ultracam/pipeline/obj/hedlis.o /home/trm/ultracam/pipeline/obj/Header.o /home/trm/ultracam/pipeline/obj/Hitem.o /home/trm/ultracam/pipeline/obj/Time.o /home/trm/ultracam/pipeline/obj/Position.o /home/trm/ultracam/pipeline/obj/Date.o /home/trm/ultracam/pipeline/obj/string_funcs.o -L/usr/local/pgplot -lcpgplot -lpgplot -L/usr/X11R6/lib -lX11 -lg2c `/usr/local/curl-7.9.6/bin/curl-config --libs` -L/usr/local/xerces-c1_7_0-linux7.2/lib -lxerces-c1_7_0 -L/usr/local/gsl-1.1.1/lib -lgsl -lgslcblas
 
Congratulations. You just might have succeeded! To start the software
source the file "/home/trm/ultracam/pipeline/Ultracam" which will
define a set of aliases for you. You may wish to define an alias
to do this in your .cshrc file
 
